<?xml version="1.0" encoding="UTF-8"?>
<!-- Generated by org.testng.reporters.JUnitReportReporter -->
<testsuite hostname="DESKTOP-6FVONUR" failures="0" tests="3" name="com.crm.qa.testcases.CreateContactTest" time="125.861" errors="0" timestamp="2025-05-01T10:35:28 IST" skipped="0">
  <testcase classname="com.crm.qa.testcases.CreateContactTest" name="createContactTest" time="57.907"/>
  <testcase classname="com.crm.qa.testcases.CreateContactTest" name="createContactTest" time="28.340"/>
  <testcase classname="com.crm.qa.testcases.CreateContactTest" name="createContactTest" time="39.614"/>
</testsuite> <!-- com.crm.qa.testcases.CreateContactTest -->
