<?xml version="1.0" encoding="UTF-8"?>
<!-- Generated by org.testng.reporters.JUnitReportReporter -->
<testsuite hostname="DESKTOP-6FVONUR" failures="0" tests="1" name="com.crm.qa.testcases.HomePageTest" time="12.709" errors="0" timestamp="2025-06-26T08:07:19 IST" skipped="0">
  <testcase classname="com.crm.qa.testcases.HomePageTest" name="AdminOnClickTest" time="12.709"/>
</testsuite> <!-- com.crm.qa.testcases.HomePageTest -->
