<?xml version="1.0" encoding="UTF-8"?>
<!-- Generated by org.testng.reporters.JUnitReportReporter -->
<testsuite hostname="DESKTOP-6FVONUR" failures="0" tests="4" name="tests.OrangeLoginTest" time="42.692" errors="0" timestamp="2025-05-14T18:36:32 IST" skipped="0">
  <testcase classname="tests.OrangeLoginTest" name="loginTest" time="9.812"/>
  <testcase classname="tests.OrangeLoginTest" name="loginTest" time="9.681"/>
  <testcase classname="tests.OrangeLoginTest" name="loginTest" time="10.042"/>
  <testcase classname="tests.OrangeLoginTest" name="loginTest" time="13.157"/>
</testsuite> <!-- tests.OrangeLoginTest -->
