<?xml version="1.0" encoding="UTF-8"?>
<!-- Generated by org.testng.reporters.JUnitReportReporter -->
<testsuite hostname="DESKTOP-6FVONUR" failures="0" tests="3" name="tests.Facebook" time="13.591" errors="0" timestamp="2025-04-17T09:41:52 IST" skipped="0">
  <testcase classname="tests.Facebook" name="facebookopen" time="7.794"/>
  <testcase classname="tests.Facebook" name="login" time="2.544"/>
  <testcase classname="tests.Facebook" name="logout" time="3.253"/>
  <system-out>
    <![CDATA[app logout successfully]]>
  </system-out>
</testsuite> <!-- tests.Facebook -->
