<?xml version="1.0" encoding="UTF-8"?>
<!-- Generated by org.testng.reporters.JUnitReportReporter -->
<testsuite hostname="DESKTOP-6FVONUR" failures="0" tests="2" name="com.crm.qa.testcases.HomePageTest" time="50.107" errors="0" timestamp="2025-07-25T13:04:57 IST" skipped="0">
  <testcase classname="com.crm.qa.testcases.HomePageTest" name="verifyHomepageTitle" time="27.611"/>
  <testcase classname="com.crm.qa.testcases.HomePageTest" name="AdminOnClickTest" time="22.496"/>
</testsuite> <!-- com.crm.qa.testcases.HomePageTest -->
