<?xml version="1.0" encoding="UTF-8"?>
<!-- Generated by org.testng.reporters.JUnitReportReporter -->
<testsuite hostname="DESKTOP-6FVONUR" failures="0" tests="2" name="com.crm.qa.testcases.LoginPageTest" time="27.871" errors="0" timestamp="2025-07-25T16:24:19 IST" skipped="0">
  <testcase classname="com.crm.qa.testcases.LoginPageTest" name="verifyLogoTest" time="8.149"/>
  <testcase classname="com.crm.qa.testcases.LoginPageTest" name="loginTest" time="19.722"/>
</testsuite> <!-- com.crm.qa.testcases.LoginPageTest -->
