<?xml version="1.0" encoding="UTF-8"?>
<!-- Generated by org.testng.reporters.JUnitReportReporter -->
<testsuite hostname="DESKTOP-6FVONUR" failures="0" tests="1" name="tests.FlipkartTest" time="7.388" errors="0" timestamp="2025-04-17T09:41:52 IST" skipped="0">
  <testcase classname="tests.FlipkartTest" name="openFlipkart" time="7.388"/>
  <system-out>
    <![CDATA[app logout successfully]]>
  </system-out>
</testsuite> <!-- tests.FlipkartTest -->
