<?xml version="1.0" encoding="UTF-8"?>
<!-- Generated by org.testng.reporters.JUnitReportReporter -->
<testsuite hostname="DESKTOP-6FVONUR" failures="0" tests="1" name="tests.PageObjectModel1" time="3.732" errors="0" timestamp="2025-04-18T13:52:23 IST" skipped="0">
  <testcase classname="tests.PageObjectModel1" name="testLogin" time="3.732"/>
</testsuite> <!-- tests.PageObjectModel1 -->
