<?xml version="1.0" encoding="UTF-8"?>
<!-- Generated by org.testng.reporters.JUnitReportReporter -->
<testsuite hostname="DESKTOP-6FVONUR" failures="0" tests="1" name="com.crm.qa.testcases.AdminPageTest" time="16.372" errors="0" timestamp="2025-07-02T10:26:06 IST" skipped="0">
  <testcase classname="com.crm.qa.testcases.AdminPageTest" name="AdminOnClick" time="16.372"/>
</testsuite> <!-- com.crm.qa.testcases.AdminPageTest -->
