<?xml version="1.0" encoding="UTF-8"?>
<!-- Generated by org.testng.reporters.JUnitReportReporter -->
<testsuite hostname="DESKTOP-6FVONUR" failures="0" tests="4" name="tests.Ora" time="42.740" errors="0" timestamp="2025-04-17T15:43:49 IST" skipped="0">
  <testcase classname="tests.Ora" name="loginTest" time="10.885"/>
  <testcase classname="tests.Ora" name="loginTest" time="10.474"/>
  <testcase classname="tests.Ora" name="loginTest" time="10.433"/>
  <testcase classname="tests.Ora" name="loginTest" time="10.948"/>
</testsuite> <!-- tests.Ora -->
