<?xml version="1.0" encoding="UTF-8"?>
<!-- Generated by org.testng.reporters.JUnitReportReporter -->
<testsuite hostname="DESKTOP-6FVONUR" failures="0" tests="3" name="com.crm.qa.testcases.PimPageTest" time="59.342" errors="0" timestamp="2025-06-26T07:34:58 IST" skipped="0">
  <testcase classname="com.crm.qa.testcases.PimPageTest" name="PimOnClick" time="20.807"/>
  <testcase classname="com.crm.qa.testcases.PimPageTest" name="PimOnClick" time="17.686"/>
  <testcase classname="com.crm.qa.testcases.PimPageTest" name="PimOnClick" time="20.849"/>
</testsuite> <!-- com.crm.qa.testcases.PimPageTest -->
