<?xml version="1.0" encoding="UTF-8"?>
<!-- Generated by org.testng.reporters.JUnitReportReporter -->
<testsuite hostname="DESKTOP-6FVONUR" failures="0" tests="1" name="com.crm.qa.testcases.LoginPageTest" time="17.428" errors="0" timestamp="2025-06-26T18:56:07 IST" skipped="0">
  <testcase classname="com.crm.qa.testcases.LoginPageTest" name="loginTest" time="17.428"/>
</testsuite> <!-- com.crm.qa.testcases.LoginPageTest -->
