<?xml version="1.0" encoding="UTF-8"?>
<!-- Generated by org.testng.reporters.JUnitReportReporter -->
<testsuite hostname="DESKTOP-6FVONUR" failures="0" tests="1" name="com.crm.qa.testcases.HomePageTest" time="16.122" errors="0" timestamp="2025-06-26T10:39:10 IST" skipped="0">
  <testcase classname="com.crm.qa.testcases.HomePageTest" name="AdminOnClickTest" time="16.122"/>
</testsuite> <!-- com.crm.qa.testcases.HomePageTest -->
