<?xml version="1.0" encoding="UTF-8"?>
<!-- Generated by org.testng.reporters.JUnitReportReporter -->
<testsuite hostname="DESKTOP-6FVONUR" failures="0" tests="3" name="com.crm.qa.testcases.PimPageTest" time="65.512" errors="0" timestamp="2025-06-26T10:39:10 IST" skipped="0">
  <testcase classname="com.crm.qa.testcases.PimPageTest" name="PimOnClick" time="19.349"/>
  <testcase classname="com.crm.qa.testcases.PimPageTest" name="PimOnClick" time="23.827"/>
  <testcase classname="com.crm.qa.testcases.PimPageTest" name="PimOnClick" time="22.336"/>
</testsuite> <!-- com.crm.qa.testcases.PimPageTest -->
