<?xml version="1.0" encoding="UTF-8"?>
<!-- Generated by org.testng.reporters.JUnitReportReporter -->
<testsuite hostname="DESKTOP-6FVONUR" failures="0" tests="3" name="com.crm.qa.testcases.PimPageTest" time="64.981" errors="0" timestamp="2025-06-26T18:56:07 IST" skipped="0">
  <testcase classname="com.crm.qa.testcases.PimPageTest" name="PimOnClick" time="27.029"/>
  <testcase classname="com.crm.qa.testcases.PimPageTest" name="PimOnClick" time="20.344"/>
  <testcase classname="com.crm.qa.testcases.PimPageTest" name="PimOnClick" time="17.608"/>
</testsuite> <!-- com.crm.qa.testcases.PimPageTest -->
